Arguments: 
  C:\Program Files\nodejs\node.exe C:\Users\HYPER TECH\AppData\Roaming\npm\node_modules\yarn\bin\yarn.js add @types/tar.gz

PATH: 
  C:\Users\HYPER TECH\bin;C:\Program Files\Git\mingw64\bin;C:\Program Files\Git\usr\local\bin;C:\Program Files\Git\usr\bin;C:\Program Files\Git\usr\bin;C:\Program Files\Git\mingw64\bin;C:\Program Files\Git\usr\bin;C:\Users\HYPER TECH\bin;C:\Python311\Scripts;C:\Python311;C:\Python310\Scripts;C:\Python310;C:\ProgramData\Oracle\Java\javapath;C:\Windows\system32;C:\Windows;C:\Windows\System32\Wbem;C:\Windows\System32\WindowsPowerShell\v1.0;C:\Windows\System32\OpenSSH;C:\Program Files (x86)\Intel\Intel(R) Management Engine Components\DAL;C:\Program Files\Intel\Intel(R) Management Engine Components\DAL;C:\ProgramData\chocolatey\bin;C:\Program Files (x86)\Windows Live\Shared;C:\Program Files\Git\cmd;C:\Program Files\Docker\Docker\resources\bin;C:\Program Files\PowerShell\7;C:\Program Files\Amazon\AWSCLIV2;C:\Users\HYPER TECH\AppData\Roaming\nvm;C:\Program Files\nodejs;C:\Program Files\nodejs;C:\Users\HYPER TECH\AppData\Local\Microsoft\WindowsApps;C:\Users\HYPER TECH\AppData\Local\atom\bin;C:\Users\HYPER TECH\AppData\Local\Programs\Microsoft VS Code\bin;C:\Users\HYPER TECH\AppData\Roaming\npm;C:\Users\HYPER TECH\AppData\Roaming\Python\Python310\Scripts;C:\Users\HYPER TECH\AppData\Local\GitHubDesktop\bin;C:\Users\HYPER TECH\AppData\Roaming\nvm;C:\Program Files\nodejs;C:\Program Files\Git\usr\bin;C:\Program Files\Git\usr\bin\vendor_perl;C:\Program Files\Git\usr\bin\core_perl

Yarn version: 
  1.22.19

Node version: 
  19.7.0

Platform: 
  win32 x64

Trace: 
  Error: https://registry.npmjs.org/@types%2ftar.gz: Not found
      at params.callback [as _callback] (C:\Users\HYPER TECH\AppData\Roaming\npm\node_modules\yarn\lib\cli.js:66145:18)
      at self.callback (C:\Users\HYPER TECH\AppData\Roaming\npm\node_modules\yarn\lib\cli.js:140890:22)
      at Request.emit (node:events:512:28)
      at Request.<anonymous> (C:\Users\HYPER TECH\AppData\Roaming\npm\node_modules\yarn\lib\cli.js:141862:10)
      at Request.emit (node:events:512:28)
      at IncomingMessage.<anonymous> (C:\Users\HYPER TECH\AppData\Roaming\npm\node_modules\yarn\lib\cli.js:141784:12)
      at Object.onceWrapper (node:events:626:28)
      at IncomingMessage.emit (node:events:524:35)
      at endReadableNT (node:internal/streams/readable:1359:12)
      at process.processTicksAndRejections (node:internal/process/task_queues:82:21)

npm manifest: 
  {
    "name": "store_front_backend",
    "version": "0.1.0",
    "description": "* [Project Title](#Store-front-Backend-Project)\r * [Description](#Description)\r * [Features](#Features)\r * [Required Technologies](#Required-Technologies)\r * [Global Variables](#Global-Variables)\r * [Project Steps](#Project-Steps)",
    "main": "server.ts",
    "scripts": {
      "watch": "tsc-watch --esModuleInterop src/server.ts --outDir ./dist --onSuccess \"node ./dist/server.js\"",
      "build": "npx tsc",
      "jasmine": "npm run build && jasmine",
      "lint": "eslint ./**/*.ts",
      "prettier": "prettier --config .prettierrc ./**/*.{js,ts} --write",
      "all": "npm run build && npm run prettier && npm run lint && jasmine",
      "start": "nodemon server.ts --watch",
      "dev": "nodemon --exec ts-node server.ts",
      "test": "SET NODE_ENV=development npx tsc && db-migrate --env test up && jasmine && db-migrate down",
      "migrate": "db-migrate db:create testDB",
      "postbuild": "cp package.json dist/package.json && cd dist && cd ..",
      "zip":"node ",
      "start1": "nodemon dist/server.js --watch",
      "deploy": "chmod +x ./bin/deploy.sh && ./bin/deploy.sh"
    },
    "author": "Udacity",
    "license": "ISC",
    "dependencies": {
      "axios": "^1.3.3",
      "bcrypt": "^5.1.0",
      "body-parser": "^1.20.2",
      "db-migrate": "^0.11.13",
      "db-migrate-pg": "^1.2.2",
      "dotenv": "^16.0.3",
      "express": "^4.18.2",
      "jsonwebtoken": "^9.0.0",
      "pg": "^8.9.0",
      "prettier": "^2.8.4",
      "tar": "^6.1.13",
      "tar.gz": "^1.0.7",
      "typescript": "^4.9.5"
    },
    "devDependencies": {
      "@types/bcrypt": "^5.0.0",
      "@types/cors": "^2.8.13",
      "@types/express": "^4.17.17",
      "@types/jasmine": "^4.3.1",
      "@types/jsonwebtoken": "^9.0.1",
      "@types/morgan": "^1.9.4",
      "@types/node": "^18.14.2",
      "@types/pg": "^8.6.6",
      "@types/request": "^2.48.8",
      "@types/supertest": "^2.0.12",
      "@types/typescript": "^2.0.0",
      "@typescript-eslint/eslint-plugin": "^5.53.0",
      "@typescript-eslint/parser": "^5.53.0",
      "cors": "^2.8.5",
      "eslint": "^8.35.0",
      "eslint-config-prettier": "^8.6.0",
      "eslint-plugin-prettier": "^4.2.1",
      "jasmine": "^3.99.0",
      "jasmine-spec-reporter": "^7.0.0",
      "jasmine-ts": "^0.4.0",
      "morgan": "^1.10.0",
      "nodemon": "^2.0.20",
      "request": "^2.88.2",
      "supertest": "^6.3.3",
      "ts-node": "^10.9.1",
      "tsc-watch": "^6.0.0"
    },
    "type": "module",
    "repository": {
      "type": "git",
      "url": "git+https://github.com/amroabdelslam/store-front-backend.git"
    },
    "keywords": [],
    "bugs": {
      "url": "https://github.com/udacity/nd0067-c2-creating-an-api-with-postgresql-and-express-project-starter/issues"
    },
    "homepage": "https://github.com/udacity/nd0067-c2-creating-an-api-with-postgresql-and-express-project-starter#readme"
  }

yarn manifest: 
  No manifest

Lockfile: 
  No lockfile
